Copyright 1986-2022 Xilinx, Inc. All Rights Reserved. Copyright 2022-2025 Advanced Micro Devices, Inc. All Rights Reserved.
------------------------------------------------------------------------------------------------------------------------------------------------------------------------------------------------------------------------------------------------
| Tool Version : Vivado v.2025.1 (win64) Build 6140274 Thu May 22 00:12:29 MDT 2025
| Date         : Thu Jan  8 21:30:22 2026
| Host         : Ifrit running 64-bit major release  (build 9200)
| Command      : report_timing_summary -max_paths 10 -routable_nets -report_unconstrained -file Blinking_LED_timing_summary_routed.rpt -pb Blinking_LED_timing_summary_routed.pb -rpx Blinking_LED_timing_summary_routed.rpx -warn_on_violation
| Design       : Blinking_LED
| Device       : 7z010-clg400
| Speed File   : -1  PRODUCTION 1.12 2019-11-22
| Design State : Routed
------------------------------------------------------------------------------------------------------------------------------------------------------------------------------------------------------------------------------------------------

Timing Summary Report

------------------------------------------------------------------------------------------------
| Timer Settings
| --------------
------------------------------------------------------------------------------------------------

  Enable Multi Corner Analysis               :  Yes
  Enable Pessimism Removal                   :  Yes
  Pessimism Removal Resolution               :  Nearest Common Node
  Enable Input Delay Default Clock           :  No
  Enable Preset / Clear Arcs                 :  No
  Disable Flight Delays                      :  No
  Ignore I/O Paths                           :  No
  Timing Early Launch at Borrowing Latches   :  No
  Borrow Time for Max Delay Exceptions       :  Yes
  Merge Timing Exceptions                    :  Yes
  Inter-SLR Compensation                     :  Conservative

  Corner  Analyze    Analyze    
  Name    Max Paths  Min Paths  
  ------  ---------  ---------  
  Slow    Yes        Yes        
  Fast    Yes        Yes        


------------------------------------------------------------------------------------------------
| Report Methodology
| ------------------
------------------------------------------------------------------------------------------------

Rule       Severity  Description                    Violations  
---------  --------  -----------------------------  ----------  
TIMING-18  Warning   Missing input or output delay  2           

Note: This report is based on the most recent report_methodology run and may not be up-to-date. Run report_methodology on the current design for the latest report.



check_timing report

Table of Contents
-----------------
1. checking no_clock (0)
2. checking constant_clock (0)
3. checking pulse_width_clock (0)
4. checking unconstrained_internal_endpoints (0)
5. checking no_input_delay (1)
6. checking no_output_delay (1)
7. checking multiple_clock (0)
8. checking generated_clocks (0)
9. checking loops (0)
10. checking partial_input_delay (0)
11. checking partial_output_delay (0)
12. checking latch_loops (0)

1. checking no_clock (0)
------------------------
 There are 0 register/latch pins with no clock.


2. checking constant_clock (0)
------------------------------
 There are 0 register/latch pins with constant_clock.


3. checking pulse_width_clock (0)
---------------------------------
 There are 0 register/latch pins which need pulse_width check


4. checking unconstrained_internal_endpoints (0)
------------------------------------------------
 There are 0 pins that are not constrained for maximum delay.

 There are 0 pins that are not constrained for maximum delay due to constant clock.


5. checking no_input_delay (1)
------------------------------
 There is 1 input port with no input delay specified. (HIGH)

 There are 0 input ports with no input delay but user has a false path constraint.


6. checking no_output_delay (1)
-------------------------------
 There is 1 port with no output delay specified. (HIGH)

 There are 0 ports with no output delay but user has a false path constraint

 There are 0 ports with no output delay but with a timing clock defined on it or propagating through it


7. checking multiple_clock (0)
------------------------------
 There are 0 register/latch pins with multiple clocks.


8. checking generated_clocks (0)
--------------------------------
 There are 0 generated clocks that are not connected to a clock source.


9. checking loops (0)
---------------------
 There are 0 combinational loops in the design.


10. checking partial_input_delay (0)
------------------------------------
 There are 0 input ports with partial input delay specified.


11. checking partial_output_delay (0)
-------------------------------------
 There are 0 ports with partial output delay specified.


12. checking latch_loops (0)
----------------------------
 There are 0 combinational latch loops in the design through latch input



------------------------------------------------------------------------------------------------
| Design Timing Summary
| ---------------------
------------------------------------------------------------------------------------------------

    WNS(ns)      TNS(ns)  TNS Failing Endpoints  TNS Total Endpoints      WHS(ns)      THS(ns)  THS Failing Endpoints  THS Total Endpoints     WPWS(ns)     TPWS(ns)  TPWS Failing Endpoints  TPWS Total Endpoints  
    -------      -------  ---------------------  -------------------      -------      -------  ---------------------  -------------------     --------     --------  ----------------------  --------------------  
      6.908        0.000                      0                    1        0.190        0.000                      0                    1        3.500        0.000                       0                     3  


All user specified timing constraints are met.


------------------------------------------------------------------------------------------------
| Clock Summary
| -------------
------------------------------------------------------------------------------------------------

Clock        Waveform(ns)         Period(ns)      Frequency(MHz)
-----        ------------         ----------      --------------
sys_clk_pin  {0.000 4.000}        8.000           125.000         


------------------------------------------------------------------------------------------------
| Intra Clock Table
| -----------------
------------------------------------------------------------------------------------------------

Clock             WNS(ns)      TNS(ns)  TNS Failing Endpoints  TNS Total Endpoints      WHS(ns)      THS(ns)  THS Failing Endpoints  THS Total Endpoints     WPWS(ns)     TPWS(ns)  TPWS Failing Endpoints  TPWS Total Endpoints  
-----             -------      -------  ---------------------  -------------------      -------      -------  ---------------------  -------------------     --------     --------  ----------------------  --------------------  
sys_clk_pin         6.908        0.000                      0                    1        0.190        0.000                      0                    1        3.500        0.000                       0                     3  


------------------------------------------------------------------------------------------------
| Inter Clock Table
| -----------------
------------------------------------------------------------------------------------------------

From Clock    To Clock          WNS(ns)      TNS(ns)  TNS Failing Endpoints  TNS Total Endpoints      WHS(ns)      THS(ns)  THS Failing Endpoints  THS Total Endpoints  
----------    --------          -------      -------  ---------------------  -------------------      -------      -------  ---------------------  -------------------  


------------------------------------------------------------------------------------------------
| Other Path Groups Table
| -----------------------
------------------------------------------------------------------------------------------------

Path Group    From Clock    To Clock          WNS(ns)      TNS(ns)  TNS Failing Endpoints  TNS Total Endpoints      WHS(ns)      THS(ns)  THS Failing Endpoints  THS Total Endpoints  
----------    ----------    --------          -------      -------  ---------------------  -------------------      -------      -------  ---------------------  -------------------  


------------------------------------------------------------------------------------------------
| User Ignored Path Table
| -----------------------
------------------------------------------------------------------------------------------------

Path Group    From Clock    To Clock    
----------    ----------    --------    


------------------------------------------------------------------------------------------------
| Unconstrained Path Table
| ------------------------
------------------------------------------------------------------------------------------------

Path Group    From Clock    To Clock    
----------    ----------    --------    
(none)        sys_clk_pin                 
(none)                      sys_clk_pin   


------------------------------------------------------------------------------------------------
| Timing Details
| --------------
------------------------------------------------------------------------------------------------


---------------------------------------------------------------------------------------------------
From Clock:  sys_clk_pin
  To Clock:  sys_clk_pin

Setup :            0  Failing Endpoints,  Worst Slack        6.908ns,  Total Violation        0.000ns
Hold  :            0  Failing Endpoints,  Worst Slack        0.190ns,  Total Violation        0.000ns
PW    :            0  Failing Endpoints,  Worst Slack        3.500ns,  Total Violation        0.000ns
---------------------------------------------------------------------------------------------------


Max Delay Paths
--------------------------------------------------------------------------------------
Slack (MET) :             6.908ns  (required time - arrival time)
  Source:                 r_LED_1_reg/C
                            (rising edge-triggered cell FDRE clocked by sys_clk_pin  {rise@0.000ns fall@4.000ns period=8.000ns})
  Destination:            r_LED_1_reg/D
                            (rising edge-triggered cell FDRE clocked by sys_clk_pin  {rise@0.000ns fall@4.000ns period=8.000ns})
  Path Group:             sys_clk_pin
  Path Type:              Setup (Max at Slow Process Corner)
  Requirement:            8.000ns  (sys_clk_pin rise@8.000ns - sys_clk_pin rise@0.000ns)
  Data Path Delay:        1.085ns  (logic 0.580ns (53.441%)  route 0.505ns (46.559%))
  Logic Levels:           1  (LUT3=1)
  Clock Path Skew:        0.000ns (DCD - SCD + CPR)
    Destination Clock Delay (DCD):    4.933ns = ( 12.933 - 8.000 ) 
    Source Clock Delay      (SCD):    5.387ns
    Clock Pessimism Removal (CPR):    0.454ns
  Clock Uncertainty:      0.035ns  ((TSJ^2 + TIJ^2)^1/2 + DJ) / 2 + PE
    Total System Jitter     (TSJ):    0.071ns
    Total Input Jitter      (TIJ):    0.000ns
    Discrete Jitter          (DJ):    0.000ns
    Phase Error              (PE):    0.000ns

    Location             Delay type                Incr(ns)  Path(ns)    Netlist Resource(s)
  -------------------------------------------------------------------    -------------------
                         (clock sys_clk_pin rise edge)
                                                      0.000     0.000 r  
    H16                                               0.000     0.000 r  i_clk (IN)
                         net (fo=0)                   0.000     0.000    i_clk
    H16                  IBUF (Prop_ibuf_I_O)         1.457     1.457 r  i_clk_IBUF_inst/O
                         net (fo=1, routed)           2.076     3.533    i_clk_IBUF
    BUFGCTRL_X0Y16       BUFG (Prop_bufg_I_O)         0.101     3.634 r  i_clk_IBUF_BUFG_inst/O
                         net (fo=2, routed)           1.753     5.387    i_clk_IBUF_BUFG
    SLICE_X43Y37         FDRE                                         r  r_LED_1_reg/C
  -------------------------------------------------------------------    -------------------
    SLICE_X43Y37         FDRE (Prop_fdre_C_Q)         0.456     5.843 r  r_LED_1_reg/Q
                         net (fo=2, routed)           0.505     6.349    o_LED_1_OBUF
    SLICE_X43Y37         LUT3 (Prop_lut3_I2_O)        0.124     6.473 r  r_LED_1_i_1/O
                         net (fo=1, routed)           0.000     6.473    r_LED_1_i_1_n_0
    SLICE_X43Y37         FDRE                                         r  r_LED_1_reg/D
  -------------------------------------------------------------------    -------------------

                         (clock sys_clk_pin rise edge)
                                                      8.000     8.000 r  
    H16                                               0.000     8.000 r  i_clk (IN)
                         net (fo=0)                   0.000     8.000    i_clk
    H16                  IBUF (Prop_ibuf_I_O)         1.387     9.387 r  i_clk_IBUF_inst/O
                         net (fo=1, routed)           1.880    11.267    i_clk_IBUF
    BUFGCTRL_X0Y16       BUFG (Prop_bufg_I_O)         0.091    11.358 r  i_clk_IBUF_BUFG_inst/O
                         net (fo=2, routed)           1.575    12.933    i_clk_IBUF_BUFG
    SLICE_X43Y37         FDRE                                         r  r_LED_1_reg/C
                         clock pessimism              0.454    13.387    
                         clock uncertainty           -0.035    13.352    
    SLICE_X43Y37         FDRE (Setup_fdre_C_D)        0.029    13.381    r_LED_1_reg
  -------------------------------------------------------------------
                         required time                         13.381    
                         arrival time                          -6.473    
  -------------------------------------------------------------------
                         slack                                  6.908    





Min Delay Paths
--------------------------------------------------------------------------------------
Slack (MET) :             0.190ns  (arrival time - required time)
  Source:                 r_switch_1_reg/C
                            (rising edge-triggered cell FDRE clocked by sys_clk_pin  {rise@0.000ns fall@4.000ns period=8.000ns})
  Destination:            r_LED_1_reg/D
                            (rising edge-triggered cell FDRE clocked by sys_clk_pin  {rise@0.000ns fall@4.000ns period=8.000ns})
  Path Group:             sys_clk_pin
  Path Type:              Hold (Min at Fast Process Corner)
  Requirement:            0.000ns  (sys_clk_pin rise@0.000ns - sys_clk_pin rise@0.000ns)
  Data Path Delay:        0.281ns  (logic 0.227ns (80.665%)  route 0.054ns (19.335%))
  Logic Levels:           1  (LUT3=1)
  Clock Path Skew:        0.000ns (DCD - SCD - CPR)
    Destination Clock Delay (DCD):    1.984ns
    Source Clock Delay      (SCD):    1.469ns
    Clock Pessimism Removal (CPR):    0.515ns

    Location             Delay type                Incr(ns)  Path(ns)    Netlist Resource(s)
  -------------------------------------------------------------------    -------------------
                         (clock sys_clk_pin rise edge)
                                                      0.000     0.000 r  
    H16                                               0.000     0.000 r  i_clk (IN)
                         net (fo=0)                   0.000     0.000    i_clk
    H16                  IBUF (Prop_ibuf_I_O)         0.225     0.225 r  i_clk_IBUF_inst/O
                         net (fo=1, routed)           0.627     0.852    i_clk_IBUF
    BUFGCTRL_X0Y16       BUFG (Prop_bufg_I_O)         0.026     0.878 r  i_clk_IBUF_BUFG_inst/O
                         net (fo=2, routed)           0.591     1.469    i_clk_IBUF_BUFG
    SLICE_X43Y37         FDRE                                         r  r_switch_1_reg/C
  -------------------------------------------------------------------    -------------------
    SLICE_X43Y37         FDRE (Prop_fdre_C_Q)         0.128     1.597 r  r_switch_1_reg/Q
                         net (fo=1, routed)           0.054     1.651    r_switch_1
    SLICE_X43Y37         LUT3 (Prop_lut3_I1_O)        0.099     1.750 r  r_LED_1_i_1/O
                         net (fo=1, routed)           0.000     1.750    r_LED_1_i_1_n_0
    SLICE_X43Y37         FDRE                                         r  r_LED_1_reg/D
  -------------------------------------------------------------------    -------------------

                         (clock sys_clk_pin rise edge)
                                                      0.000     0.000 r  
    H16                                               0.000     0.000 r  i_clk (IN)
                         net (fo=0)                   0.000     0.000    i_clk
    H16                  IBUF (Prop_ibuf_I_O)         0.413     0.413 r  i_clk_IBUF_inst/O
                         net (fo=1, routed)           0.683     1.096    i_clk_IBUF
    BUFGCTRL_X0Y16       BUFG (Prop_bufg_I_O)         0.029     1.125 r  i_clk_IBUF_BUFG_inst/O
                         net (fo=2, routed)           0.859     1.984    i_clk_IBUF_BUFG
    SLICE_X43Y37         FDRE                                         r  r_LED_1_reg/C
                         clock pessimism             -0.515     1.469    
    SLICE_X43Y37         FDRE (Hold_fdre_C_D)         0.091     1.560    r_LED_1_reg
  -------------------------------------------------------------------
                         required time                         -1.560    
                         arrival time                           1.750    
  -------------------------------------------------------------------
                         slack                                  0.190    





Pulse Width Checks
--------------------------------------------------------------------------------------
Clock Name:         sys_clk_pin
Waveform(ns):       { 0.000 4.000 }
Period(ns):         8.000
Sources:            { i_clk }

Check Type        Corner  Lib Pin  Reference Pin  Required(ns)  Actual(ns)  Slack(ns)  Location        Pin
Min Period        n/a     BUFG/I   n/a            2.155         8.000       5.845      BUFGCTRL_X0Y16  i_clk_IBUF_BUFG_inst/I
Min Period        n/a     FDRE/C   n/a            1.000         8.000       7.000      SLICE_X43Y37    r_LED_1_reg/C
Min Period        n/a     FDRE/C   n/a            1.000         8.000       7.000      SLICE_X43Y37    r_switch_1_reg/C
Low Pulse Width   Slow    FDRE/C   n/a            0.500         4.000       3.500      SLICE_X43Y37    r_LED_1_reg/C
Low Pulse Width   Fast    FDRE/C   n/a            0.500         4.000       3.500      SLICE_X43Y37    r_LED_1_reg/C
Low Pulse Width   Slow    FDRE/C   n/a            0.500         4.000       3.500      SLICE_X43Y37    r_switch_1_reg/C
Low Pulse Width   Fast    FDRE/C   n/a            0.500         4.000       3.500      SLICE_X43Y37    r_switch_1_reg/C
High Pulse Width  Slow    FDRE/C   n/a            0.500         4.000       3.500      SLICE_X43Y37    r_LED_1_reg/C
High Pulse Width  Fast    FDRE/C   n/a            0.500         4.000       3.500      SLICE_X43Y37    r_LED_1_reg/C
High Pulse Width  Slow    FDRE/C   n/a            0.500         4.000       3.500      SLICE_X43Y37    r_switch_1_reg/C
High Pulse Width  Fast    FDRE/C   n/a            0.500         4.000       3.500      SLICE_X43Y37    r_switch_1_reg/C



--------------------------------------------------------------------------------------
Path Group:  (none)
From Clock:  sys_clk_pin
  To Clock:  

Max Delay             1 Endpoint
Min Delay             1 Endpoint
--------------------------------------------------------------------------------------


Max Delay Paths
--------------------------------------------------------------------------------------
Slack:                    inf
  Source:                 r_LED_1_reg/C
                            (rising edge-triggered cell FDRE clocked by sys_clk_pin  {rise@0.000ns fall@4.000ns period=8.000ns})
  Destination:            o_LED_1
                            (output port)
  Path Group:             (none)
  Path Type:              Max at Slow Process Corner
  Data Path Delay:        5.700ns  (logic 4.023ns (70.588%)  route 1.676ns (29.412%))
  Logic Levels:           1  (OBUF=1)
  Clock Uncertainty:      0.025ns  ((TSJ^2 + TIJ^2)^1/2 + DJ) / 2 + PE
    Total System Jitter     (TSJ):    0.050ns
    Total Input Jitter      (TIJ):    0.000ns
    Discrete Jitter          (DJ):    0.000ns
    Phase Error              (PE):    0.000ns

    Location             Delay type                Incr(ns)  Path(ns)    Netlist Resource(s)
  -------------------------------------------------------------------    -------------------
                         (clock sys_clk_pin rise edge)
                                                      0.000     0.000 r  
    H16                                               0.000     0.000 r  i_clk (IN)
                         net (fo=0)                   0.000     0.000    i_clk
    H16                  IBUF (Prop_ibuf_I_O)         1.457     1.457 r  i_clk_IBUF_inst/O
                         net (fo=1, routed)           2.076     3.533    i_clk_IBUF
    BUFGCTRL_X0Y16       BUFG (Prop_bufg_I_O)         0.101     3.634 r  i_clk_IBUF_BUFG_inst/O
                         net (fo=2, routed)           1.753     5.387    i_clk_IBUF_BUFG
    SLICE_X43Y37         FDRE                                         r  r_LED_1_reg/C
  -------------------------------------------------------------------    -------------------
    SLICE_X43Y37         FDRE (Prop_fdre_C_Q)         0.456     5.843 r  r_LED_1_reg/Q
                         net (fo=2, routed)           1.676     7.520    o_LED_1_OBUF
    R14                  OBUF (Prop_obuf_I_O)         3.567    11.087 r  o_LED_1_OBUF_inst/O
                         net (fo=0)                   0.000    11.087    o_LED_1
    R14                                                               r  o_LED_1 (OUT)
  -------------------------------------------------------------------    -------------------





Min Delay Paths
--------------------------------------------------------------------------------------
Slack:                    inf
  Source:                 r_LED_1_reg/C
                            (rising edge-triggered cell FDRE clocked by sys_clk_pin  {rise@0.000ns fall@4.000ns period=8.000ns})
  Destination:            o_LED_1
                            (output port)
  Path Group:             (none)
  Path Type:              Min at Fast Process Corner
  Data Path Delay:        1.752ns  (logic 1.409ns (80.401%)  route 0.343ns (19.599%))
  Logic Levels:           1  (OBUF=1)
  Clock Uncertainty:      0.025ns  ((TSJ^2 + TIJ^2)^1/2 + DJ) / 2 + PE
    Total System Jitter     (TSJ):    0.050ns
    Total Input Jitter      (TIJ):    0.000ns
    Discrete Jitter          (DJ):    0.000ns
    Phase Error              (PE):    0.000ns

    Location             Delay type                Incr(ns)  Path(ns)    Netlist Resource(s)
  -------------------------------------------------------------------    -------------------
                         (clock sys_clk_pin rise edge)
                                                      0.000     0.000 r  
    H16                                               0.000     0.000 r  i_clk (IN)
                         net (fo=0)                   0.000     0.000    i_clk
    H16                  IBUF (Prop_ibuf_I_O)         0.225     0.225 r  i_clk_IBUF_inst/O
                         net (fo=1, routed)           0.627     0.852    i_clk_IBUF
    BUFGCTRL_X0Y16       BUFG (Prop_bufg_I_O)         0.026     0.878 r  i_clk_IBUF_BUFG_inst/O
                         net (fo=2, routed)           0.591     1.469    i_clk_IBUF_BUFG
    SLICE_X43Y37         FDRE                                         r  r_LED_1_reg/C
  -------------------------------------------------------------------    -------------------
    SLICE_X43Y37         FDRE (Prop_fdre_C_Q)         0.141     1.610 r  r_LED_1_reg/Q
                         net (fo=2, routed)           0.343     1.953    o_LED_1_OBUF
    R14                  OBUF (Prop_obuf_I_O)         1.268     3.221 r  o_LED_1_OBUF_inst/O
                         net (fo=0)                   0.000     3.221    o_LED_1
    R14                                                               r  o_LED_1 (OUT)
  -------------------------------------------------------------------    -------------------





--------------------------------------------------------------------------------------
Path Group:  (none)
From Clock:  
  To Clock:  sys_clk_pin

Max Delay             2 Endpoints
Min Delay             2 Endpoints
--------------------------------------------------------------------------------------


Max Delay Paths
--------------------------------------------------------------------------------------
Slack:                    inf
  Source:                 i_switch_1
                            (input port)
  Destination:            r_LED_1_reg/D
                            (rising edge-triggered cell FDRE clocked by sys_clk_pin  {rise@0.000ns fall@4.000ns period=8.000ns})
  Path Group:             (none)
  Path Type:              Setup (Max at Slow Process Corner)
  Data Path Delay:        5.150ns  (logic 1.601ns (31.090%)  route 3.549ns (68.910%))
  Logic Levels:           2  (IBUF=1 LUT3=1)
  Clock Path Skew:        4.933ns (DCD - SCD + CPR)
    Destination Clock Delay (DCD):    4.933ns
    Source Clock Delay      (SCD):    0.000ns
    Clock Pessimism Removal (CPR):    0.000ns
  Clock Uncertainty:      0.025ns  ((TSJ^2 + TIJ^2)^1/2 + DJ) / 2 + PE
    Total System Jitter     (TSJ):    0.050ns
    Total Input Jitter      (TIJ):    0.000ns
    Discrete Jitter          (DJ):    0.000ns
    Phase Error              (PE):    0.000ns

    Location             Delay type                Incr(ns)  Path(ns)    Netlist Resource(s)
  -------------------------------------------------------------------    -------------------
    D19                                               0.000     0.000 r  i_switch_1 (IN)
                         net (fo=0)                   0.000     0.000    i_switch_1
    D19                  IBUF (Prop_ibuf_I_O)         1.477     1.477 r  i_switch_1_IBUF_inst/O
                         net (fo=2, routed)           3.549     5.026    i_switch_1_IBUF
    SLICE_X43Y37         LUT3 (Prop_lut3_I0_O)        0.124     5.150 r  r_LED_1_i_1/O
                         net (fo=1, routed)           0.000     5.150    r_LED_1_i_1_n_0
    SLICE_X43Y37         FDRE                                         r  r_LED_1_reg/D
  -------------------------------------------------------------------    -------------------

                         (clock sys_clk_pin rise edge)
                                                      0.000     0.000 r  
    H16                                               0.000     0.000 r  i_clk (IN)
                         net (fo=0)                   0.000     0.000    i_clk
    H16                  IBUF (Prop_ibuf_I_O)         1.387     1.387 r  i_clk_IBUF_inst/O
                         net (fo=1, routed)           1.880     3.267    i_clk_IBUF
    BUFGCTRL_X0Y16       BUFG (Prop_bufg_I_O)         0.091     3.358 r  i_clk_IBUF_BUFG_inst/O
                         net (fo=2, routed)           1.575     4.933    i_clk_IBUF_BUFG
    SLICE_X43Y37         FDRE                                         r  r_LED_1_reg/C

Slack:                    inf
  Source:                 i_switch_1
                            (input port)
  Destination:            r_switch_1_reg/D
                            (rising edge-triggered cell FDRE clocked by sys_clk_pin  {rise@0.000ns fall@4.000ns period=8.000ns})
  Path Group:             (none)
  Path Type:              Setup (Max at Slow Process Corner)
  Data Path Delay:        4.411ns  (logic 1.477ns (33.488%)  route 2.934ns (66.512%))
  Logic Levels:           1  (IBUF=1)
  Clock Path Skew:        4.933ns (DCD - SCD + CPR)
    Destination Clock Delay (DCD):    4.933ns
    Source Clock Delay      (SCD):    0.000ns
    Clock Pessimism Removal (CPR):    0.000ns
  Clock Uncertainty:      0.025ns  ((TSJ^2 + TIJ^2)^1/2 + DJ) / 2 + PE
    Total System Jitter     (TSJ):    0.050ns
    Total Input Jitter      (TIJ):    0.000ns
    Discrete Jitter          (DJ):    0.000ns
    Phase Error              (PE):    0.000ns

    Location             Delay type                Incr(ns)  Path(ns)    Netlist Resource(s)
  -------------------------------------------------------------------    -------------------
    D19                                               0.000     0.000 r  i_switch_1 (IN)
                         net (fo=0)                   0.000     0.000    i_switch_1
    D19                  IBUF (Prop_ibuf_I_O)         1.477     1.477 r  i_switch_1_IBUF_inst/O
                         net (fo=2, routed)           2.934     4.411    i_switch_1_IBUF
    SLICE_X43Y37         FDRE                                         r  r_switch_1_reg/D
  -------------------------------------------------------------------    -------------------

                         (clock sys_clk_pin rise edge)
                                                      0.000     0.000 r  
    H16                                               0.000     0.000 r  i_clk (IN)
                         net (fo=0)                   0.000     0.000    i_clk
    H16                  IBUF (Prop_ibuf_I_O)         1.387     1.387 r  i_clk_IBUF_inst/O
                         net (fo=1, routed)           1.880     3.267    i_clk_IBUF
    BUFGCTRL_X0Y16       BUFG (Prop_bufg_I_O)         0.091     3.358 r  i_clk_IBUF_BUFG_inst/O
                         net (fo=2, routed)           1.575     4.933    i_clk_IBUF_BUFG
    SLICE_X43Y37         FDRE                                         r  r_switch_1_reg/C





Min Delay Paths
--------------------------------------------------------------------------------------
Slack:                    inf
  Source:                 i_switch_1
                            (input port)
  Destination:            r_switch_1_reg/D
                            (rising edge-triggered cell FDRE clocked by sys_clk_pin  {rise@0.000ns fall@4.000ns period=8.000ns})
  Path Group:             (none)
  Path Type:              Hold (Min at Fast Process Corner)
  Data Path Delay:        1.443ns  (logic 0.245ns (16.982%)  route 1.198ns (83.018%))
  Logic Levels:           1  (IBUF=1)
  Clock Path Skew:        1.984ns (DCD - SCD - CPR)
    Destination Clock Delay (DCD):    1.984ns
    Source Clock Delay      (SCD):    0.000ns
    Clock Pessimism Removal (CPR):    -0.000ns

    Location             Delay type                Incr(ns)  Path(ns)    Netlist Resource(s)
  -------------------------------------------------------------------    -------------------
    D19                                               0.000     0.000 r  i_switch_1 (IN)
                         net (fo=0)                   0.000     0.000    i_switch_1
    D19                  IBUF (Prop_ibuf_I_O)         0.245     0.245 r  i_switch_1_IBUF_inst/O
                         net (fo=2, routed)           1.198     1.443    i_switch_1_IBUF
    SLICE_X43Y37         FDRE                                         r  r_switch_1_reg/D
  -------------------------------------------------------------------    -------------------

                         (clock sys_clk_pin rise edge)
                                                      0.000     0.000 r  
    H16                                               0.000     0.000 r  i_clk (IN)
                         net (fo=0)                   0.000     0.000    i_clk
    H16                  IBUF (Prop_ibuf_I_O)         0.413     0.413 r  i_clk_IBUF_inst/O
                         net (fo=1, routed)           0.683     1.096    i_clk_IBUF
    BUFGCTRL_X0Y16       BUFG (Prop_bufg_I_O)         0.029     1.125 r  i_clk_IBUF_BUFG_inst/O
                         net (fo=2, routed)           0.859     1.984    i_clk_IBUF_BUFG
    SLICE_X43Y37         FDRE                                         r  r_switch_1_reg/C

Slack:                    inf
  Source:                 i_switch_1
                            (input port)
  Destination:            r_LED_1_reg/D
                            (rising edge-triggered cell FDRE clocked by sys_clk_pin  {rise@0.000ns fall@4.000ns period=8.000ns})
  Path Group:             (none)
  Path Type:              Hold (Min at Fast Process Corner)
  Data Path Delay:        1.706ns  (logic 0.290ns (17.002%)  route 1.416ns (82.998%))
  Logic Levels:           2  (IBUF=1 LUT3=1)
  Clock Path Skew:        1.984ns (DCD - SCD - CPR)
    Destination Clock Delay (DCD):    1.984ns
    Source Clock Delay      (SCD):    0.000ns
    Clock Pessimism Removal (CPR):    -0.000ns

    Location             Delay type                Incr(ns)  Path(ns)    Netlist Resource(s)
  -------------------------------------------------------------------    -------------------
    D19                                               0.000     0.000 r  i_switch_1 (IN)
                         net (fo=0)                   0.000     0.000    i_switch_1
    D19                  IBUF (Prop_ibuf_I_O)         0.245     0.245 r  i_switch_1_IBUF_inst/O
                         net (fo=2, routed)           1.416     1.661    i_switch_1_IBUF
    SLICE_X43Y37         LUT3 (Prop_lut3_I0_O)        0.045     1.706 r  r_LED_1_i_1/O
                         net (fo=1, routed)           0.000     1.706    r_LED_1_i_1_n_0
    SLICE_X43Y37         FDRE                                         r  r_LED_1_reg/D
  -------------------------------------------------------------------    -------------------

                         (clock sys_clk_pin rise edge)
                                                      0.000     0.000 r  
    H16                                               0.000     0.000 r  i_clk (IN)
                         net (fo=0)                   0.000     0.000    i_clk
    H16                  IBUF (Prop_ibuf_I_O)         0.413     0.413 r  i_clk_IBUF_inst/O
                         net (fo=1, routed)           0.683     1.096    i_clk_IBUF
    BUFGCTRL_X0Y16       BUFG (Prop_bufg_I_O)         0.029     1.125 r  i_clk_IBUF_BUFG_inst/O
                         net (fo=2, routed)           0.859     1.984    i_clk_IBUF_BUFG
    SLICE_X43Y37         FDRE                                         r  r_LED_1_reg/C





